<?xml version="1.0" encoding="UTF-8"?>
<!-- Generated by org.testng.reporters.JUnitReportReporter -->
<testsuite hostname="LAPTOP-F246G6RU" failures="0" tests="1" name="Dailytesting.LibraryValidations" time="1.448" errors="0" timestamp="2024-02-06T20:25:17 SGT" skipped="0">
  <testcase classname="Dailytesting.LibraryValidations" name="couresTitle" time="1.448"/>
  <system-out/>
</testsuite> <!-- Dailytesting.LibraryValidations -->
