<?xml version="1.0" encoding="UTF-8"?>
<!-- Generated by org.testng.reporters.JUnitReportReporter -->
<testsuite hostname="LAPTOP-F246G6RU" failures="0" tests="3" name="Dailytesting.DataParameterisation" time="2.431" errors="0" timestamp="2024-02-07T11:31:13 SGT" skipped="0">
  <testcase classname="Dailytesting.DataParameterisation" name="addBook" time="2.022"/>
  <system-out/>
  <testcase classname="Dailytesting.DataParameterisation" name="addBook" time="0.204"/>
  <system-out/>
  <testcase classname="Dailytesting.DataParameterisation" name="addBook" time="0.205"/>
  <system-out/>
</testsuite> <!-- Dailytesting.DataParameterisation -->
